[2026-05-08 13:38:09] [ERROR] El nombre no puede estar vacío.
[2026-05-08 13:41:13] [ERROR] El nombre no puede estar vacío.
[2026-05-08 14:06:54] [ERROR] El nombre no puede estar vacío.
[2026-05-08 16:40:02] [INFO] Cliente registrado: Jasson
[2026-05-08 19:52:09] [ERROR] El nombre no puede estar vacío.
[2026-05-08 20:38:48] [INFO] Cliente registrado: Jasson
[2026-05-08 20:40:25] [INFO] Cliente registrado: Diana
[2026-05-08 20:59:02] [INFO] Servicio registrado: Huellero
[2026-05-08 20:59:50] [INFO] Servicio registrado: Pan
[2026-05-08 21:00:25] [INFO] Servicio registrado: Azucar
[2026-05-08 21:05:15] [INFO] Cliente registrado: Jasson ID: 456465
[2026-05-08 21:07:13] [ERROR] El correo 'j.com' no es válido.
[2026-05-08 21:07:18] [INFO] Cliente registrado: Diana ID: 546545
[2026-05-08 21:12:04] [INFO] Servicio registrado: Pan
[2026-05-08 21:12:32] [INFO] Cliente registrado: Jasson ID: 45465
[2026-05-08 21:16:26] [INFO] Cliente registrado: sdafdsf ID: 3434
[2026-05-08 21:16:34] [INFO] Servicio registrado: asdfsad
[2026-05-08 21:16:48] [INFO] Reserva registrada: <__main__.Cliente object at 0x000001EFAD88ACF0> servicio <__main__.ServicioSala object at 0x000001EFAD88BCB0>
[2026-05-08 21:20:18] [INFO] Cliente registrado: asdsad ID: 465456
[2026-05-08 21:20:49] [INFO] Servicio registrado: asdsd
[2026-05-08 21:20:57] [INFO] Reserva registrada: asdsad servicio asdsd
[2026-05-08 21:25:00] [INFO] Cliente registrado: Juan ID: 46564
[2026-05-08 21:25:27] [INFO] Servicio registrado: VIP (ID: 56465)
[2026-05-08 21:25:49] [INFO] Reserva registrada: Juan servicio VIP
[2026-05-08 21:37:23] [INFO] Cliente registrado: asdsad ID: 541654
[2026-05-08 21:37:24] [INFO] Cliente registrado: asdsad ID: 541654
[2026-05-08 21:41:21] [INFO] Cliente registrado: Jason ID: 4465465
[2026-05-08 21:41:42] [INFO] Servicio registrado: Sala Código: 415645
[2026-05-08 21:42:16] [INFO] Reserva registrada: Jason servicio Sala
